#
# There is insufficient memory for the Java Runtime Environment to continue.
# Native memory allocation (malloc) failed to allocate 32744 bytes for ChunkPool::allocate
# Possible reasons:
#   The system is out of physical RAM or swap space
#   In 32 bit mode, the process size limit was hit
# Possible solutions:
#   Reduce memory load on the system
#   Increase physical memory or swap space
#   Check if swap backing store is full
#   Use 64 bit Java on a 64 bit OS
#   Decrease Java heap size (-Xmx/-Xms)
#   Decrease number of Java threads
#   Decrease Java thread stack sizes (-Xss)
#   Set larger code cache with -XX:ReservedCodeCacheSize=
# This output file may be truncated or incomplete.
#
#  Out of Memory Error (allocation.cpp:211), pid=8000, tid=3100
#
# JRE version: 6.0_45-b06
# Java VM: Java HotSpot(TM) 64-Bit Server VM (20.45-b01 mixed mode windows-amd64 compressed oops)

---------------  T H R E A D  ---------------

Current thread (0x0000000006b75000):  JavaThread "Unknown thread" [_thread_in_native, id=3100, stack(0x0000000007a10000,0x0000000007b10000)]

Stack: [0x0000000007a10000,0x0000000007b10000]

Current CompileTask:
C2:    546  86      java.util.Arrays.mergeSort([Ljava/lang/Object;[Ljava/lang/Object;III)V (234 bytes)


---------------  P R O C E S S  ---------------

Java Threads: ( => current thread )
  0x0000000006b7f800 JavaThread "Unknown thread" [_thread_blocked, id=9884, stack(0x0000000007b10000,0x0000000007f10000)]
=>0x0000000006b75000 JavaThread "Unknown thread" [_thread_in_native, id=3100, stack(0x0000000007a10000,0x0000000007b10000)]
  0x0000000006b70000 JavaThread "Unknown thread" [_thread_in_native, id=11204, stack(0x0000000007910000,0x0000000007a10000)]
  0x0000000006b6d000 JavaThread "Unknown thread" [_thread_blocked, id=8032, stack(0x0000000007510000,0x0000000007910000)]
  0x0000000006b68000 JavaThread "Unknown thread" [_thread_blocked, id=7952, stack(0x0000000007110000,0x0000000007510000)]
  0x0000000006b15800 JavaThread "Unknown thread" [_thread_blocked, id=4784, stack(0x0000000006d10000,0x0000000007110000)]
  0x000000000060c800 